<?xml version="1.0" encoding="UTF-8"?>
<testsuite xmlns:xsi="http://www.w3.org/2001/XMLSchema-instance" xsi:noNamespaceSchemaLocation="https://maven.apache.org/surefire/maven-surefire-plugin/xsd/surefire-test-report.xsd" name="fourth.coachingapp.CoachingAppApplicationTests" time="4.41" tests="1" errors="0" skipped="0" failures="0">
  <properties>
    <property name="java.specification.version" value="17"/>
    <property name="sun.cpu.isalist" value="amd64"/>
    <property name="sun.jnu.encoding" value="Cp1252"/>
    <property name="java.class.path" value="S:\+Crazy+\Github\Alliance-CoachApp\coaching-app\target\test-classes;S:\+Crazy+\Github\Alliance-CoachApp\coaching-app\target\classes;S:\+Crazy+\java\Maven Repository\org\springframework\boot\spring-boot-starter-data-jpa\2.6.4\spring-boot-starter-data-jpa-2.6.4.jar;S:\+Crazy+\java\Maven Repository\org\springframework\boot\spring-boot-starter-aop\2.6.4\spring-boot-starter-aop-2.6.4.jar;S:\+Crazy+\java\Maven Repository\org\aspectj\aspectjweaver\1.9.7\aspectjweaver-1.9.7.jar;S:\+Crazy+\java\Maven Repository\org\springframework\boot\spring-boot-starter-jdbc\2.6.4\spring-boot-starter-jdbc-2.6.4.jar;S:\+Crazy+\java\Maven Repository\com\zaxxer\HikariCP\4.0.3\HikariCP-4.0.3.jar;S:\+Crazy+\java\Maven Repository\org\springframework\spring-jdbc\5.3.16\spring-jdbc-5.3.16.jar;S:\+Crazy+\java\Maven Repository\jakarta\transaction\jakarta.transaction-api\1.3.3\jakarta.transaction-api-1.3.3.jar;S:\+Crazy+\java\Maven Repository\jakarta\persistence\jakarta.persistence-api\2.2.3\jakarta.persistence-api-2.2.3.jar;S:\+Crazy+\java\Maven Repository\org\hibernate\hibernate-core\5.6.5.Final\hibernate-core-5.6.5.Final.jar;S:\+Crazy+\java\Maven Repository\org\jboss\logging\jboss-logging\3.4.3.Final\jboss-logging-3.4.3.Final.jar;S:\+Crazy+\java\Maven Repository\net\bytebuddy\byte-buddy\1.11.22\byte-buddy-1.11.22.jar;S:\+Crazy+\java\Maven Repository\antlr\antlr\2.7.7\antlr-2.7.7.jar;S:\+Crazy+\java\Maven Repository\org\jboss\jandex\2.4.2.Final\jandex-2.4.2.Final.jar;S:\+Crazy+\java\Maven Repository\com\fasterxml\classmate\1.5.1\classmate-1.5.1.jar;S:\+Crazy+\java\Maven Repository\org\hibernate\common\hibernate-commons-annotations\5.1.2.Final\hibernate-commons-annotations-5.1.2.Final.jar;S:\+Crazy+\java\Maven Repository\org\glassfish\jaxb\jaxb-runtime\2.3.6\jaxb-runtime-2.3.6.jar;S:\+Crazy+\java\Maven Repository\org\glassfish\jaxb\txw2\2.3.6\txw2-2.3.6.jar;S:\+Crazy+\java\Maven Repository\com\sun\istack\istack-commons-runtime\3.0.12\istack-commons-runtime-3.0.12.jar;S:\+Crazy+\java\Maven Repository\com\sun\activation\jakarta.activation\1.2.2\jakarta.activation-1.2.2.jar;S:\+Crazy+\java\Maven Repository\org\springframework\data\spring-data-jpa\2.6.2\spring-data-jpa-2.6.2.jar;S:\+Crazy+\java\Maven Repository\org\springframework\data\spring-data-commons\2.6.2\spring-data-commons-2.6.2.jar;S:\+Crazy+\java\Maven Repository\org\springframework\spring-orm\5.3.16\spring-orm-5.3.16.jar;S:\+Crazy+\java\Maven Repository\org\springframework\spring-context\5.3.16\spring-context-5.3.16.jar;S:\+Crazy+\java\Maven Repository\org\springframework\spring-tx\5.3.16\spring-tx-5.3.16.jar;S:\+Crazy+\java\Maven Repository\org\springframework\spring-beans\5.3.16\spring-beans-5.3.16.jar;S:\+Crazy+\java\Maven Repository\org\springframework\spring-aspects\5.3.16\spring-aspects-5.3.16.jar;S:\+Crazy+\java\Maven Repository\org\springframework\boot\spring-boot-starter-security\2.6.4\spring-boot-starter-security-2.6.4.jar;S:\+Crazy+\java\Maven Repository\org\springframework\boot\spring-boot-starter\2.6.4\spring-boot-starter-2.6.4.jar;S:\+Crazy+\java\Maven Repository\org\springframework\boot\spring-boot-starter-logging\2.6.4\spring-boot-starter-logging-2.6.4.jar;S:\+Crazy+\java\Maven Repository\ch\qos\logback\logback-classic\1.2.10\logback-classic-1.2.10.jar;S:\+Crazy+\java\Maven Repository\ch\qos\logback\logback-core\1.2.10\logback-core-1.2.10.jar;S:\+Crazy+\java\Maven Repository\org\apache\logging\log4j\log4j-to-slf4j\2.17.1\log4j-to-slf4j-2.17.1.jar;S:\+Crazy+\java\Maven Repository\org\apache\logging\log4j\log4j-api\2.17.1\log4j-api-2.17.1.jar;S:\+Crazy+\java\Maven Repository\org\slf4j\jul-to-slf4j\1.7.36\jul-to-slf4j-1.7.36.jar;S:\+Crazy+\java\Maven Repository\jakarta\annotation\jakarta.annotation-api\1.3.5\jakarta.annotation-api-1.3.5.jar;S:\+Crazy+\java\Maven Repository\org\yaml\snakeyaml\1.29\snakeyaml-1.29.jar;S:\+Crazy+\java\Maven Repository\org\springframework\spring-aop\5.3.16\spring-aop-5.3.16.jar;S:\+Crazy+\java\Maven Repository\org\springframework\security\spring-security-config\5.6.2\spring-security-config-5.6.2.jar;S:\+Crazy+\java\Maven Repository\org\springframework\security\spring-security-web\5.6.2\spring-security-web-5.6.2.jar;S:\+Crazy+\java\Maven Repository\org\springframework\spring-expression\5.3.16\spring-expression-5.3.16.jar;S:\+Crazy+\java\Maven Repository\org\springframework\boot\spring-boot-starter-thymeleaf\2.6.4\spring-boot-starter-thymeleaf-2.6.4.jar;S:\+Crazy+\java\Maven Repository\org\thymeleaf\thymeleaf-spring5\3.0.15.RELEASE\thymeleaf-spring5-3.0.15.RELEASE.jar;S:\+Crazy+\java\Maven Repository\org\thymeleaf\thymeleaf\3.0.15.RELEASE\thymeleaf-3.0.15.RELEASE.jar;S:\+Crazy+\java\Maven Repository\org\attoparser\attoparser\2.0.5.RELEASE\attoparser-2.0.5.RELEASE.jar;S:\+Crazy+\java\Maven Repository\org\unbescape\unbescape\1.1.6.RELEASE\unbescape-1.1.6.RELEASE.jar;S:\+Crazy+\java\Maven Repository\org\thymeleaf\extras\thymeleaf-extras-java8time\3.0.4.RELEASE\thymeleaf-extras-java8time-3.0.4.RELEASE.jar;S:\+Crazy+\java\Maven Repository\org\springframework\boot\spring-boot-starter-web\2.6.4\spring-boot-starter-web-2.6.4.jar;S:\+Crazy+\java\Maven Repository\org\springframework\boot\spring-boot-starter-json\2.6.4\spring-boot-starter-json-2.6.4.jar;S:\+Crazy+\java\Maven Repository\com\fasterxml\jackson\core\jackson-databind\2.13.1\jackson-databind-2.13.1.jar;S:\+Crazy+\java\Maven Repository\com\fasterxml\jackson\core\jackson-annotations\2.13.1\jackson-annotations-2.13.1.jar;S:\+Crazy+\java\Maven Repository\com\fasterxml\jackson\core\jackson-core\2.13.1\jackson-core-2.13.1.jar;S:\+Crazy+\java\Maven Repository\com\fasterxml\jackson\datatype\jackson-datatype-jdk8\2.13.1\jackson-datatype-jdk8-2.13.1.jar;S:\+Crazy+\java\Maven Repository\com\fasterxml\jackson\datatype\jackson-datatype-jsr310\2.13.1\jackson-datatype-jsr310-2.13.1.jar;S:\+Crazy+\java\Maven Repository\com\fasterxml\jackson\module\jackson-module-parameter-names\2.13.1\jackson-module-parameter-names-2.13.1.jar;S:\+Crazy+\java\Maven Repository\org\springframework\boot\spring-boot-starter-tomcat\2.6.4\spring-boot-starter-tomcat-2.6.4.jar;S:\+Crazy+\java\Maven Repository\org\apache\tomcat\embed\tomcat-embed-core\9.0.58\tomcat-embed-core-9.0.58.jar;S:\+Crazy+\java\Maven Repository\org\apache\tomcat\embed\tomcat-embed-el\9.0.58\tomcat-embed-el-9.0.58.jar;S:\+Crazy+\java\Maven Repository\org\apache\tomcat\embed\tomcat-embed-websocket\9.0.58\tomcat-embed-websocket-9.0.58.jar;S:\+Crazy+\java\Maven Repository\org\springframework\spring-web\5.3.16\spring-web-5.3.16.jar;S:\+Crazy+\java\Maven Repository\org\springframework\spring-webmvc\5.3.16\spring-webmvc-5.3.16.jar;S:\+Crazy+\java\Maven Repository\org\thymeleaf\extras\thymeleaf-extras-springsecurity5\3.0.4.RELEASE\thymeleaf-extras-springsecurity5-3.0.4.RELEASE.jar;S:\+Crazy+\java\Maven Repository\org\slf4j\slf4j-api\1.7.36\slf4j-api-1.7.36.jar;S:\+Crazy+\java\Maven Repository\org\springframework\boot\spring-boot-devtools\2.6.4\spring-boot-devtools-2.6.4.jar;S:\+Crazy+\java\Maven Repository\org\springframework\boot\spring-boot\2.6.4\spring-boot-2.6.4.jar;S:\+Crazy+\java\Maven Repository\org\springframework\boot\spring-boot-autoconfigure\2.6.4\spring-boot-autoconfigure-2.6.4.jar;S:\+Crazy+\java\Maven Repository\mysql\mysql-connector-java\8.0.28\mysql-connector-java-8.0.28.jar;S:\+Crazy+\java\Maven Repository\org\projectlombok\lombok\1.18.22\lombok-1.18.22.jar;S:\+Crazy+\java\Maven Repository\org\springframework\boot\spring-boot-starter-test\2.6.4\spring-boot-starter-test-2.6.4.jar;S:\+Crazy+\java\Maven Repository\org\springframework\boot\spring-boot-test\2.6.4\spring-boot-test-2.6.4.jar;S:\+Crazy+\java\Maven Repository\org\springframework\boot\spring-boot-test-autoconfigure\2.6.4\spring-boot-test-autoconfigure-2.6.4.jar;S:\+Crazy+\java\Maven Repository\com\jayway\jsonpath\json-path\2.6.0\json-path-2.6.0.jar;S:\+Crazy+\java\Maven Repository\net\minidev\json-smart\2.4.8\json-smart-2.4.8.jar;S:\+Crazy+\java\Maven Repository\net\minidev\accessors-smart\2.4.8\accessors-smart-2.4.8.jar;S:\+Crazy+\java\Maven Repository\org\ow2\asm\asm\9.1\asm-9.1.jar;S:\+Crazy+\java\Maven Repository\jakarta\xml\bind\jakarta.xml.bind-api\2.3.3\jakarta.xml.bind-api-2.3.3.jar;S:\+Crazy+\java\Maven Repository\jakarta\activation\jakarta.activation-api\1.2.2\jakarta.activation-api-1.2.2.jar;S:\+Crazy+\java\Maven Repository\org\assertj\assertj-core\3.21.0\assertj-core-3.21.0.jar;S:\+Crazy+\java\Maven Repository\org\hamcrest\hamcrest\2.2\hamcrest-2.2.jar;S:\+Crazy+\java\Maven Repository\org\junit\jupiter\junit-jupiter\5.8.2\junit-jupiter-5.8.2.jar;S:\+Crazy+\java\Maven Repository\org\junit\jupiter\junit-jupiter-api\5.8.2\junit-jupiter-api-5.8.2.jar;S:\+Crazy+\java\Maven Repository\org\opentest4j\opentest4j\1.2.0\opentest4j-1.2.0.jar;S:\+Crazy+\java\Maven Repository\org\junit\platform\junit-platform-commons\1.8.2\junit-platform-commons-1.8.2.jar;S:\+Crazy+\java\Maven Repository\org\apiguardian\apiguardian-api\1.1.2\apiguardian-api-1.1.2.jar;S:\+Crazy+\java\Maven Repository\org\junit\jupiter\junit-jupiter-params\5.8.2\junit-jupiter-params-5.8.2.jar;S:\+Crazy+\java\Maven Repository\org\junit\jupiter\junit-jupiter-engine\5.8.2\junit-jupiter-engine-5.8.2.jar;S:\+Crazy+\java\Maven Repository\org\junit\platform\junit-platform-engine\1.8.2\junit-platform-engine-1.8.2.jar;S:\+Crazy+\java\Maven Repository\org\mockito\mockito-core\4.0.0\mockito-core-4.0.0.jar;S:\+Crazy+\java\Maven Repository\net\bytebuddy\byte-buddy-agent\1.11.22\byte-buddy-agent-1.11.22.jar;S:\+Crazy+\java\Maven Repository\org\objenesis\objenesis\3.2\objenesis-3.2.jar;S:\+Crazy+\java\Maven Repository\org\mockito\mockito-junit-jupiter\4.0.0\mockito-junit-jupiter-4.0.0.jar;S:\+Crazy+\java\Maven Repository\org\skyscreamer\jsonassert\1.5.0\jsonassert-1.5.0.jar;S:\+Crazy+\java\Maven Repository\com\vaadin\external\google\android-json\0.0.20131108.vaadin1\android-json-0.0.20131108.vaadin1.jar;S:\+Crazy+\java\Maven Repository\org\springframework\spring-core\5.3.16\spring-core-5.3.16.jar;S:\+Crazy+\java\Maven Repository\org\springframework\spring-jcl\5.3.16\spring-jcl-5.3.16.jar;S:\+Crazy+\java\Maven Repository\org\springframework\spring-test\5.3.16\spring-test-5.3.16.jar;S:\+Crazy+\java\Maven Repository\org\xmlunit\xmlunit-core\2.8.4\xmlunit-core-2.8.4.jar;S:\+Crazy+\java\Maven Repository\org\springframework\security\spring-security-test\5.6.2\spring-security-test-5.6.2.jar;S:\+Crazy+\java\Maven Repository\org\springframework\security\spring-security-core\5.6.2\spring-security-core-5.6.2.jar;S:\+Crazy+\java\Maven Repository\org\springframework\security\spring-security-crypto\5.6.2\spring-security-crypto-5.6.2.jar;"/>
    <property name="java.vm.vendor" value="Amazon.com Inc."/>
    <property name="sun.arch.data.model" value="64"/>
    <property name="user.variant" value=""/>
    <property name="java.vendor.url" value="https://aws.amazon.com/corretto/"/>
    <property name="user.timezone" value="Australia/Perth"/>
    <property name="os.name" value="Windows 10"/>
    <property name="java.vm.specification.version" value="17"/>
    <property name="sun.java.launcher" value="SUN_STANDARD"/>
    <property name="user.country" value="US"/>
    <property name="sun.boot.library.path" value="L:\JDK\Amazon Corretto JDK 17\jdk17.0.0_35\bin"/>
    <property name="sun.java.command" value="C:\Temp\surefire8788327278208155292\surefirebooter7921372571743617929.jar C:\Temp\surefire8788327278208155292 2022-03-13T15-36-26_794-jvmRun1 surefire5788318492351871437tmp surefire_017802181154227801249tmp"/>
    <property name="jdk.debug" value="release"/>
    <property name="surefire.test.class.path" value="S:\+Crazy+\Github\Alliance-CoachApp\coaching-app\target\test-classes;S:\+Crazy+\Github\Alliance-CoachApp\coaching-app\target\classes;S:\+Crazy+\java\Maven Repository\org\springframework\boot\spring-boot-starter-data-jpa\2.6.4\spring-boot-starter-data-jpa-2.6.4.jar;S:\+Crazy+\java\Maven Repository\org\springframework\boot\spring-boot-starter-aop\2.6.4\spring-boot-starter-aop-2.6.4.jar;S:\+Crazy+\java\Maven Repository\org\aspectj\aspectjweaver\1.9.7\aspectjweaver-1.9.7.jar;S:\+Crazy+\java\Maven Repository\org\springframework\boot\spring-boot-starter-jdbc\2.6.4\spring-boot-starter-jdbc-2.6.4.jar;S:\+Crazy+\java\Maven Repository\com\zaxxer\HikariCP\4.0.3\HikariCP-4.0.3.jar;S:\+Crazy+\java\Maven Repository\org\springframework\spring-jdbc\5.3.16\spring-jdbc-5.3.16.jar;S:\+Crazy+\java\Maven Repository\jakarta\transaction\jakarta.transaction-api\1.3.3\jakarta.transaction-api-1.3.3.jar;S:\+Crazy+\java\Maven Repository\jakarta\persistence\jakarta.persistence-api\2.2.3\jakarta.persistence-api-2.2.3.jar;S:\+Crazy+\java\Maven Repository\org\hibernate\hibernate-core\5.6.5.Final\hibernate-core-5.6.5.Final.jar;S:\+Crazy+\java\Maven Repository\org\jboss\logging\jboss-logging\3.4.3.Final\jboss-logging-3.4.3.Final.jar;S:\+Crazy+\java\Maven Repository\net\bytebuddy\byte-buddy\1.11.22\byte-buddy-1.11.22.jar;S:\+Crazy+\java\Maven Repository\antlr\antlr\2.7.7\antlr-2.7.7.jar;S:\+Crazy+\java\Maven Repository\org\jboss\jandex\2.4.2.Final\jandex-2.4.2.Final.jar;S:\+Crazy+\java\Maven Repository\com\fasterxml\classmate\1.5.1\classmate-1.5.1.jar;S:\+Crazy+\java\Maven Repository\org\hibernate\common\hibernate-commons-annotations\5.1.2.Final\hibernate-commons-annotations-5.1.2.Final.jar;S:\+Crazy+\java\Maven Repository\org\glassfish\jaxb\jaxb-runtime\2.3.6\jaxb-runtime-2.3.6.jar;S:\+Crazy+\java\Maven Repository\org\glassfish\jaxb\txw2\2.3.6\txw2-2.3.6.jar;S:\+Crazy+\java\Maven Repository\com\sun\istack\istack-commons-runtime\3.0.12\istack-commons-runtime-3.0.12.jar;S:\+Crazy+\java\Maven Repository\com\sun\activation\jakarta.activation\1.2.2\jakarta.activation-1.2.2.jar;S:\+Crazy+\java\Maven Repository\org\springframework\data\spring-data-jpa\2.6.2\spring-data-jpa-2.6.2.jar;S:\+Crazy+\java\Maven Repository\org\springframework\data\spring-data-commons\2.6.2\spring-data-commons-2.6.2.jar;S:\+Crazy+\java\Maven Repository\org\springframework\spring-orm\5.3.16\spring-orm-5.3.16.jar;S:\+Crazy+\java\Maven Repository\org\springframework\spring-context\5.3.16\spring-context-5.3.16.jar;S:\+Crazy+\java\Maven Repository\org\springframework\spring-tx\5.3.16\spring-tx-5.3.16.jar;S:\+Crazy+\java\Maven Repository\org\springframework\spring-beans\5.3.16\spring-beans-5.3.16.jar;S:\+Crazy+\java\Maven Repository\org\springframework\spring-aspects\5.3.16\spring-aspects-5.3.16.jar;S:\+Crazy+\java\Maven Repository\org\springframework\boot\spring-boot-starter-security\2.6.4\spring-boot-starter-security-2.6.4.jar;S:\+Crazy+\java\Maven Repository\org\springframework\boot\spring-boot-starter\2.6.4\spring-boot-starter-2.6.4.jar;S:\+Crazy+\java\Maven Repository\org\springframework\boot\spring-boot-starter-logging\2.6.4\spring-boot-starter-logging-2.6.4.jar;S:\+Crazy+\java\Maven Repository\ch\qos\logback\logback-classic\1.2.10\logback-classic-1.2.10.jar;S:\+Crazy+\java\Maven Repository\ch\qos\logback\logback-core\1.2.10\logback-core-1.2.10.jar;S:\+Crazy+\java\Maven Repository\org\apache\logging\log4j\log4j-to-slf4j\2.17.1\log4j-to-slf4j-2.17.1.jar;S:\+Crazy+\java\Maven Repository\org\apache\logging\log4j\log4j-api\2.17.1\log4j-api-2.17.1.jar;S:\+Crazy+\java\Maven Repository\org\slf4j\jul-to-slf4j\1.7.36\jul-to-slf4j-1.7.36.jar;S:\+Crazy+\java\Maven Repository\jakarta\annotation\jakarta.annotation-api\1.3.5\jakarta.annotation-api-1.3.5.jar;S:\+Crazy+\java\Maven Repository\org\yaml\snakeyaml\1.29\snakeyaml-1.29.jar;S:\+Crazy+\java\Maven Repository\org\springframework\spring-aop\5.3.16\spring-aop-5.3.16.jar;S:\+Crazy+\java\Maven Repository\org\springframework\security\spring-security-config\5.6.2\spring-security-config-5.6.2.jar;S:\+Crazy+\java\Maven Repository\org\springframework\security\spring-security-web\5.6.2\spring-security-web-5.6.2.jar;S:\+Crazy+\java\Maven Repository\org\springframework\spring-expression\5.3.16\spring-expression-5.3.16.jar;S:\+Crazy+\java\Maven Repository\org\springframework\boot\spring-boot-starter-thymeleaf\2.6.4\spring-boot-starter-thymeleaf-2.6.4.jar;S:\+Crazy+\java\Maven Repository\org\thymeleaf\thymeleaf-spring5\3.0.15.RELEASE\thymeleaf-spring5-3.0.15.RELEASE.jar;S:\+Crazy+\java\Maven Repository\org\thymeleaf\thymeleaf\3.0.15.RELEASE\thymeleaf-3.0.15.RELEASE.jar;S:\+Crazy+\java\Maven Repository\org\attoparser\attoparser\2.0.5.RELEASE\attoparser-2.0.5.RELEASE.jar;S:\+Crazy+\java\Maven Repository\org\unbescape\unbescape\1.1.6.RELEASE\unbescape-1.1.6.RELEASE.jar;S:\+Crazy+\java\Maven Repository\org\thymeleaf\extras\thymeleaf-extras-java8time\3.0.4.RELEASE\thymeleaf-extras-java8time-3.0.4.RELEASE.jar;S:\+Crazy+\java\Maven Repository\org\springframework\boot\spring-boot-starter-web\2.6.4\spring-boot-starter-web-2.6.4.jar;S:\+Crazy+\java\Maven Repository\org\springframework\boot\spring-boot-starter-json\2.6.4\spring-boot-starter-json-2.6.4.jar;S:\+Crazy+\java\Maven Repository\com\fasterxml\jackson\core\jackson-databind\2.13.1\jackson-databind-2.13.1.jar;S:\+Crazy+\java\Maven Repository\com\fasterxml\jackson\core\jackson-annotations\2.13.1\jackson-annotations-2.13.1.jar;S:\+Crazy+\java\Maven Repository\com\fasterxml\jackson\core\jackson-core\2.13.1\jackson-core-2.13.1.jar;S:\+Crazy+\java\Maven Repository\com\fasterxml\jackson\datatype\jackson-datatype-jdk8\2.13.1\jackson-datatype-jdk8-2.13.1.jar;S:\+Crazy+\java\Maven Repository\com\fasterxml\jackson\datatype\jackson-datatype-jsr310\2.13.1\jackson-datatype-jsr310-2.13.1.jar;S:\+Crazy+\java\Maven Repository\com\fasterxml\jackson\module\jackson-module-parameter-names\2.13.1\jackson-module-parameter-names-2.13.1.jar;S:\+Crazy+\java\Maven Repository\org\springframework\boot\spring-boot-starter-tomcat\2.6.4\spring-boot-starter-tomcat-2.6.4.jar;S:\+Crazy+\java\Maven Repository\org\apache\tomcat\embed\tomcat-embed-core\9.0.58\tomcat-embed-core-9.0.58.jar;S:\+Crazy+\java\Maven Repository\org\apache\tomcat\embed\tomcat-embed-el\9.0.58\tomcat-embed-el-9.0.58.jar;S:\+Crazy+\java\Maven Repository\org\apache\tomcat\embed\tomcat-embed-websocket\9.0.58\tomcat-embed-websocket-9.0.58.jar;S:\+Crazy+\java\Maven Repository\org\springframework\spring-web\5.3.16\spring-web-5.3.16.jar;S:\+Crazy+\java\Maven Repository\org\springframework\spring-webmvc\5.3.16\spring-webmvc-5.3.16.jar;S:\+Crazy+\java\Maven Repository\org\thymeleaf\extras\thymeleaf-extras-springsecurity5\3.0.4.RELEASE\thymeleaf-extras-springsecurity5-3.0.4.RELEASE.jar;S:\+Crazy+\java\Maven Repository\org\slf4j\slf4j-api\1.7.36\slf4j-api-1.7.36.jar;S:\+Crazy+\java\Maven Repository\org\springframework\boot\spring-boot-devtools\2.6.4\spring-boot-devtools-2.6.4.jar;S:\+Crazy+\java\Maven Repository\org\springframework\boot\spring-boot\2.6.4\spring-boot-2.6.4.jar;S:\+Crazy+\java\Maven Repository\org\springframework\boot\spring-boot-autoconfigure\2.6.4\spring-boot-autoconfigure-2.6.4.jar;S:\+Crazy+\java\Maven Repository\mysql\mysql-connector-java\8.0.28\mysql-connector-java-8.0.28.jar;S:\+Crazy+\java\Maven Repository\org\projectlombok\lombok\1.18.22\lombok-1.18.22.jar;S:\+Crazy+\java\Maven Repository\org\springframework\boot\spring-boot-starter-test\2.6.4\spring-boot-starter-test-2.6.4.jar;S:\+Crazy+\java\Maven Repository\org\springframework\boot\spring-boot-test\2.6.4\spring-boot-test-2.6.4.jar;S:\+Crazy+\java\Maven Repository\org\springframework\boot\spring-boot-test-autoconfigure\2.6.4\spring-boot-test-autoconfigure-2.6.4.jar;S:\+Crazy+\java\Maven Repository\com\jayway\jsonpath\json-path\2.6.0\json-path-2.6.0.jar;S:\+Crazy+\java\Maven Repository\net\minidev\json-smart\2.4.8\json-smart-2.4.8.jar;S:\+Crazy+\java\Maven Repository\net\minidev\accessors-smart\2.4.8\accessors-smart-2.4.8.jar;S:\+Crazy+\java\Maven Repository\org\ow2\asm\asm\9.1\asm-9.1.jar;S:\+Crazy+\java\Maven Repository\jakarta\xml\bind\jakarta.xml.bind-api\2.3.3\jakarta.xml.bind-api-2.3.3.jar;S:\+Crazy+\java\Maven Repository\jakarta\activation\jakarta.activation-api\1.2.2\jakarta.activation-api-1.2.2.jar;S:\+Crazy+\java\Maven Repository\org\assertj\assertj-core\3.21.0\assertj-core-3.21.0.jar;S:\+Crazy+\java\Maven Repository\org\hamcrest\hamcrest\2.2\hamcrest-2.2.jar;S:\+Crazy+\java\Maven Repository\org\junit\jupiter\junit-jupiter\5.8.2\junit-jupiter-5.8.2.jar;S:\+Crazy+\java\Maven Repository\org\junit\jupiter\junit-jupiter-api\5.8.2\junit-jupiter-api-5.8.2.jar;S:\+Crazy+\java\Maven Repository\org\opentest4j\opentest4j\1.2.0\opentest4j-1.2.0.jar;S:\+Crazy+\java\Maven Repository\org\junit\platform\junit-platform-commons\1.8.2\junit-platform-commons-1.8.2.jar;S:\+Crazy+\java\Maven Repository\org\apiguardian\apiguardian-api\1.1.2\apiguardian-api-1.1.2.jar;S:\+Crazy+\java\Maven Repository\org\junit\jupiter\junit-jupiter-params\5.8.2\junit-jupiter-params-5.8.2.jar;S:\+Crazy+\java\Maven Repository\org\junit\jupiter\junit-jupiter-engine\5.8.2\junit-jupiter-engine-5.8.2.jar;S:\+Crazy+\java\Maven Repository\org\junit\platform\junit-platform-engine\1.8.2\junit-platform-engine-1.8.2.jar;S:\+Crazy+\java\Maven Repository\org\mockito\mockito-core\4.0.0\mockito-core-4.0.0.jar;S:\+Crazy+\java\Maven Repository\net\bytebuddy\byte-buddy-agent\1.11.22\byte-buddy-agent-1.11.22.jar;S:\+Crazy+\java\Maven Repository\org\objenesis\objenesis\3.2\objenesis-3.2.jar;S:\+Crazy+\java\Maven Repository\org\mockito\mockito-junit-jupiter\4.0.0\mockito-junit-jupiter-4.0.0.jar;S:\+Crazy+\java\Maven Repository\org\skyscreamer\jsonassert\1.5.0\jsonassert-1.5.0.jar;S:\+Crazy+\java\Maven Repository\com\vaadin\external\google\android-json\0.0.20131108.vaadin1\android-json-0.0.20131108.vaadin1.jar;S:\+Crazy+\java\Maven Repository\org\springframework\spring-core\5.3.16\spring-core-5.3.16.jar;S:\+Crazy+\java\Maven Repository\org\springframework\spring-jcl\5.3.16\spring-jcl-5.3.16.jar;S:\+Crazy+\java\Maven Repository\org\springframework\spring-test\5.3.16\spring-test-5.3.16.jar;S:\+Crazy+\java\Maven Repository\org\xmlunit\xmlunit-core\2.8.4\xmlunit-core-2.8.4.jar;S:\+Crazy+\java\Maven Repository\org\springframework\security\spring-security-test\5.6.2\spring-security-test-5.6.2.jar;S:\+Crazy+\java\Maven Repository\org\springframework\security\spring-security-core\5.6.2\spring-security-core-5.6.2.jar;S:\+Crazy+\java\Maven Repository\org\springframework\security\spring-security-crypto\5.6.2\spring-security-crypto-5.6.2.jar;"/>
    <property name="sun.cpu.endian" value="little"/>
    <property name="user.home" value="C:\Users\houou"/>
    <property name="user.language" value="en"/>
    <property name="java.specification.vendor" value="Oracle Corporation"/>
    <property name="java.version.date" value="2021-09-14"/>
    <property name="java.home" value="L:\JDK\Amazon Corretto JDK 17\jdk17.0.0_35"/>
    <property name="file.separator" value="\"/>
    <property name="basedir" value="S:\+Crazy+\Github\Alliance-CoachApp\coaching-app"/>
    <property name="java.vm.compressedOopsMode" value="Zero based"/>
    <property name="line.separator" value="&#10;"/>
    <property name="java.vm.specification.vendor" value="Oracle Corporation"/>
    <property name="java.specification.name" value="Java Platform API Specification"/>
    <property name="surefire.real.class.path" value="C:\Temp\surefire8788327278208155292\surefirebooter7921372571743617929.jar"/>
    <property name="user.script" value=""/>
    <property name="sun.management.compiler" value="HotSpot 64-Bit Tiered Compilers"/>
    <property name="java.runtime.version" value="17+35-LTS"/>
    <property name="user.name" value="houou"/>
    <property name="path.separator" value=";"/>
    <property name="os.version" value="10.0"/>
    <property name="java.runtime.name" value="OpenJDK Runtime Environment"/>
    <property name="file.encoding" value="Cp1252"/>
    <property name="java.vm.name" value="OpenJDK 64-Bit Server VM"/>
    <property name="java.vendor.version" value="Corretto-17.0.0.35.1"/>
    <property name="localRepository" value="S:\+Crazy+\java\Maven Repository"/>
    <property name="java.vendor.url.bug" value="https://github.com/corretto/corretto-17/issues/"/>
    <property name="java.io.tmpdir" value="C:\Temp\"/>
    <property name="java.version" value="17"/>
    <property name="user.dir" value="S:\+Crazy+\Github\Alliance-CoachApp\coaching-app"/>
    <property name="os.arch" value="amd64"/>
    <property name="java.vm.specification.name" value="Java Virtual Machine Specification"/>
    <property name="sun.os.patch.level" value=""/>
    <property name="native.encoding" value="Cp1252"/>
    <property name="java.library.path" value="L:\JDK\Amazon Corretto JDK 17\jdk17.0.0_35\bin;C:\WINDOWS\Sun\Java\bin;C:\WINDOWS\system32;C:\WINDOWS;L:/JDK/Amazon Corretto JDK 17/jdk17.0.0_35/bin/server;L:/JDK/Amazon Corretto JDK 17/jdk17.0.0_35/bin;L:\JDK\Amazon Corretto JDK 17\jdk17.0.0_35\bin;L:\JDK\Amazon Corretto JDK 11\jdk11.0.12_7\bin;L:\Python3.8.6\Scripts\;L:\Python3.8.6\;C:\Windows\system32;C:\Windows;C:\Windows\System32\Wbem;C:\Windows\System32\WindowsPowerShell\v1.0\;C:\Windows\System32\OpenSSH\;C:\Program Files (x86)\NVIDIA Corporation\PhysX\Common;C:\Program Files\NVIDIA Corporation\NVIDIA NvDLISR;C:\WINDOWS\system32;C:\WINDOWS;C:\WINDOWS\System32\Wbem;C:\WINDOWS\System32\WindowsPowerShell\v1.0\;C:\WINDOWS\System32\OpenSSH\;C:\Program Files\dotnet\;L:\XAMPP\mysql\bin;L:\Git\Git\cmd;L:\P4merge\;L:\Maven\apache-maven-3.8.2\bin;L:\Cmder\bin;L:\7zip\7-Zip;L:\Winrar;L:\JDK\bin;L:\Git\Git\bin;L:\Putty\;C:\Program Files\MySQL\MySQL Shell 8.0\bin\;C:\Users\houou\AppData\Local\Microsoft\WindowsApps;L:\XAMPP\php;L:\Composer;C:\Users\houou\AppData\Roaming\Composer\vendor\bin;L:\Python2.7;L:\Python3.8.6;L:\XAMPP\mysql\bin;L:\JDK\bin;L:\SQLite\sqlite-tools-win32-x86-3360000;L:\VSCode\Microsoft VS Code\bin;C:\Program Files\MySQL\MySQL Server 8.0\bin;L:\Heroku\bin;L:\Android Studio\bin;C:\WINDOWS\system32;;."/>
    <property name="java.vm.info" value="mixed mode, sharing"/>
    <property name="java.vendor" value="Amazon.com Inc."/>
    <property name="java.vm.version" value="17+35-LTS"/>
    <property name="sun.io.unicode.encoding" value="UnicodeLittle"/>
    <property name="java.class.version" value="61.0"/>
  </properties>
  <testcase name="contextLoads" classname="fourth.coachingapp.CoachingAppApplicationTests" time="0.325"/>
</testsuite>